Игра начата 20.08.2018 19:32:16
Пакет: Вопросы СИ 2018

Раунд 1-й раунд
Темы раунда:
Зарница
От 2 до 5
Три буквы
Пирожки
Кино
Математики

Счёт: 1:0, 2:0, 3:0, 4:0, 5:0, 6:0, 7:0, 8:0, 9:0

Зарница, 100
Именно в этот день недели вожатые приехали в лагерь в эту смену
5 +100

Счёт: 1:0, 2:0, 3:0, 4:0, 5:100, 6:0, 7:0, 8:0, 9:0

Зарница, 200
Аистов на водонапорной башне зовут именно так
8 -200
9 +200

Счёт: 1:0, 2:0, 3:0, 4:0, 5:100, 6:0, 7:0, 8:-200, 9:200

Зарница, 500
Именно туда впадает река Луга

Счёт: 1:0, 2:0, 3:0, 4:0, 5:100, 6:0, 7:0, 8:-200, 9:200

Зарница, 400
С таким счётом закончилось основное время матча между вожатыми и детьми
9 +400

Счёт: 1:0, 2:0, 3:0, 4:0, 5:100, 6:0, 7:0, 8:-200, 9:600

Зарница, 300
Именно столько раз купались дети в нашей смене
9 +300

Счёт: 1:0, 2:0, 3:0, 4:0, 5:100, 6:0, 7:0, 8:-200, 9:900

Кино, 100
ОН сам создал себе репутацию, в частности, приукрасил легенду о своем побеге с острова на морских черепахах, связанных веревкой, которую сплел из волос своей спины.
4 +100

Счёт: 1:0, 2:0, 3:0, 4:100, 5:100, 6:0, 7:0, 8:-200, 9:900

От 2 до 5, 300
Именно столько полных лет маленькой Маше
9 +300

Счёт: 1:0, 2:0, 3:0, 4:100, 5:100, 6:0, 7:0, 8:-200, 9:1200

От 2 до 5, 100
До Солнца и обратно именно столько астрономических единиц
6 -100
3 -100
2 +100

Счёт: 1:0, 2:100, 3:-100, 4:100, 5:100, 6:-100, 7:0, 8:-200, 9:1200

От 2 до 5, 200
Именно столько предметов в настольной игре "Барабашка"
2 +200

Счёт: 1:0, 2:300, 3:-100, 4:100, 5:100, 6:-100, 7:0, 8:-200, 9:1200

Математики, 100
Этот математик будучи учеником придумал, как быстро сложить числа от 1 до 100
1 +100

Счёт: 1:100, 2:300, 3:-100, 4:100, 5:100, 6:-100, 7:0, 8:-200, 9:1200

Математики, 200
Решето для поиска простых чисел носит имя этого математика
6 +200

Счёт: 1:100, 2:300, 3:-100, 4:100, 5:100, 6:100, 7:0, 8:-200, 9:1200

Математики, 300
Этот древнегреческий математик был известен под именем "Геометр"
6 -300
3 -300

Счёт: 1:100, 2:300, 3:-400, 4:100, 5:100, 6:-200, 7:0, 8:-200, 9:1200

Математики, 400
Именем этого ученого мы называем схемы отношений между множествами
9 +400

Счёт: 1:100, 2:300, 3:-400, 4:100, 5:100, 6:-200, 7:0, 8:-200, 9:1600

От 2 до 5, 400
101 в двоичной системе равняется именно этому числу в десятичной
6 +400

Счёт: 1:100, 2:300, 3:-400, 4:100, 5:100, 6:200, 7:0, 8:-200, 9:1600

Кино, 200
 Согласно цитате ЭТОГО ПЕРСОНАЖА, "в Мордоре обитает зло, не знающее сна... В Мордор нельзя просто войти"
6 +200

Счёт: 1:100, 2:300, 3:-400, 4:100, 5:100, 6:400, 7:0, 8:-200, 9:1600

Кино, 300
 ДО ЭТОЙ СКОРОСТИ нужно разогнать Де Лориан, чтобы она стала машиной времени.
6 +300

Счёт: 1:100, 2:300, 3:-400, 4:100, 5:100, 6:700, 7:0, 8:-200, 9:1600

Кино, 400
Требуется точный ответ. В конце ЭТОГО ФИЛЬМА колония людей, захваченная чужими, подвергается ядерной бомбардировке.

Счёт: 1:100, 2:300, 3:-400, 4:100, 5:100, 6:700, 7:0, 8:-200, 9:1600

Математики, 500
Стены её детской из-за нехватки обоев были оклеены лекциями по математике
4 +500

Счёт: 1:100, 2:300, 3:-400, 4:600, 5:100, 6:700, 7:0, 8:-200, 9:1600

Кино, 500
На одной карикатуре старушка просит ЕГО перевести ее на другую сторону.
5 -500

Счёт: 1:100, 2:300, 3:-400, 4:600, 5:-400, 6:700, 7:0, 8:-200, 9:1600

От 2 до 5, 500
Именно столько преподавателей этой смены раньше учились в ЛКШ
9 -500
2 -500
7 +500

Счёт: 1:100, 2:-200, 3:-400, 4:600, 5:-400, 6:700, 7:500, 8:-200, 9:1100

Пирожки, 100
тут ватсон шифр какой то сложный 
и непонятный мне концепт 
элементарно холмс обычный 
...
6 +100

Счёт: 1:100, 2:-200, 3:-400, 4:600, 5:-400, 6:800, 7:500, 8:-200, 9:1100

Три буквы, 100
Именно это любимый напиток Никиты Царёва
9 +100

Счёт: 1:100, 2:-200, 3:-400, 4:600, 5:-400, 6:800, 7:500, 8:-200, 9:1200

Три буквы, 200
Именно так называлась первая в мире космическая станция
6 +200

Счёт: 1:100, 2:-200, 3:-400, 4:600, 5:-400, 6:1000, 7:500, 8:-200, 9:1200

Три буквы, 300
Именно так назывались дощечки, на которых в старину делали зарубки, чтобы запомнить что-нибудь
9 +300

Счёт: 1:100, 2:-200, 3:-400, 4:600, 5:-400, 6:1000, 7:500, 8:-200, 9:1500

Три буквы, 400
Байт содержит 8 ИХ
9 +400

Счёт: 1:100, 2:-200, 3:-400, 4:600, 5:-400, 6:1000, 7:500, 8:-200, 9:1900

Три буквы, 500
Первые тепловые машины использовали в качестве рабочего тела именно его
6 +500

Счёт: 1:100, 2:-200, 3:-400, 4:600, 5:-400, 6:1500, 7:500, 8:-200, 9:1900

Пирожки, 200
отправлен к лешему за сказкой 
иван царевич в буерак 
вернулся радостный и полный 
...
6 +200

Счёт: 1:100, 2:-200, 3:-400, 4:600, 5:-400, 6:1700, 7:500, 8:-200, 9:1900

Пирожки, 300
убиты лермонтов и пушкин 
своё отчизне отслужив 
ушли есенин маяковский 
...

Счёт: 1:100, 2:-200, 3:-400, 4:600, 5:-400, 6:1700, 7:500, 8:-200, 9:1900

Пирожки, 500
расплавившись исчезло солнце
искрит над лесом звездопад
и мы не отрываясь смотрим
...
6 -500
7 -500

Счёт: 1:100, 2:-200, 3:-400, 4:600, 5:-400, 6:1200, 7:0, 8:-200, 9:1900

Пирожки, 400
крылов введите бога в басню 
пусть он пошлёт вороне сыр 
а в этом виде текст безбожен 
...

Счёт: 1:100, 2:-200, 3:-400, 4:600, 5:-400, 6:1200, 7:0, 8:-200, 9:1900

Раунд 2-й раунд
Темы раунда:
Мультики
Компьютеры
Роботы
Загадки
Шляпа
ЛКШ

Счёт: 1:100, 2:-200, 3:-400, 4:600, 5:-400, 6:1200, 7:0, 8:-200, 9:1900

Мультики, 200
Персонажа этого мультфильма зовут Дим Димыч
2 +200

Счёт: 1:100, 2:0, 3:-400, 4:600, 5:-400, 6:1200, 7:0, 8:-200, 9:1900

Мультики, 400
Приблизительный перевод ЭТОГО АКРОНИМА — "мусоропогрузчик земного класса"
6 +400

Счёт: 1:100, 2:0, 3:-400, 4:600, 5:-400, 6:1600, 7:0, 8:-200, 9:1900

Компьютеры, 400
Этот из следующих людей не был программистом: Блез Паскаль, Марк Цукерберг, Билл Гейтс, Евгений Касперский, Стив Возняк 
6 +400

Счёт: 1:100, 2:0, 3:-400, 4:600, 5:-400, 6:2000, 7:0, 8:-200, 9:1900

Компьютеры, 200
Именно столько байтов в килобайте
6 +200

Счёт: 1:100, 2:0, 3:-400, 4:600, 5:-400, 6:2200, 7:0, 8:-200, 9:1900

Роботы, 200
Именно эта существующая планета населена роботами
3 -200
6 +200

Счёт: 1:100, 2:0, 3:-600, 4:600, 5:-400, 6:2400, 7:0, 8:-200, 9:1900

Компьютеры, 600
Именно этим словом во времена Алана Тьюринга называли человека, зарабатывающего себе на жизнь с помощью арифметических вычислений
6 -600
7 -600

Счёт: 1:100, 2:0, 3:-600, 4:600, 5:-400, 6:1800, 7:-600, 8:-200, 9:1900

Компьютеры, 800
В текстовом редакторе набрали "6-0", забыв нажать одну клавишу. Что хотели получить?
8 -800
5 -800
6 +800

Счёт: 1:100, 2:0, 3:-600, 4:600, 5:-1200, 6:2600, 7:-600, 8:-1000, 9:1900

Шляпа, 600
ЭТО — второй элемент по распространенности в атмосфере.
8 -600
1 -600
6 +600

Счёт: 1:-500, 2:0, 3:-600, 4:600, 5:-1200, 6:3200, 7:-600, 8:-1600, 9:1900

Шляпа, 1000
Этот вредный персонаж назван в честь старомодного головного убора
4 +1000

Счёт: 1:-500, 2:0, 3:-600, 4:1600, 5:-1200, 6:3200, 7:-600, 8:-1600, 9:1900

Компьютеры, 1000
Логотип этой телекоммуникационной компании напоминает мост "Золотые ворота" в Сан-Франциско
#image @cisco.png
6 +1000

Счёт: 1:-500, 2:0, 3:-600, 4:1600, 5:-1200, 6:4200, 7:-600, 8:-1600, 9:1900

Мультики, 1000
Именно в этом месте развивалась социальная драма про семилетнего ребенка, ушедшего из дома из-за любви к животным
4 +1000

Счёт: 1:-500, 2:0, 3:-600, 4:2600, 5:-1200, 6:4200, 7:-600, 8:-1600, 9:1900

Роботы, 1000
Известные роботы компании Boston Dynamics выполнены в виде этого животного
2 +1000

Счёт: 1:-500, 2:1000, 3:-600, 4:2600, 5:-1200, 6:4200, 7:-600, 8:-1600, 9:1900

Мультики, 600
Именно так зовут щенков-девочек в мультфильме щенячий патруль
3 +600

Счёт: 1:-500, 2:1000, 3:0, 4:2600, 5:-1200, 6:4200, 7:-600, 8:-1600, 9:1900

Мультики, 800
В 1999 году на ЕГО счету было всего 93 цента, а 1000 лет спустя — 4,3 миллиарда долларов
5 -800
8 -800
7 -800
1 -800
3 -800
6 +800

Счёт: 1:-1300, 2:1000, 3:-800, 4:2600, 5:-2000, 6:5000, 7:-1400, 8:-2400, 9:1900

Загадки, 400
Что в России на первом месте, а во Франции на втором
7 +400

Счёт: 1:-1300, 2:1000, 3:-800, 4:2600, 5:-2000, 6:5000, 7:-1000, 8:-2400, 9:1900

Загадки, 800
Какое слово начинается с трех букв "Г" и заканчивается тремя буквами "Я"
7 +800

Счёт: 1:-1300, 2:1000, 3:-800, 4:2600, 5:-2000, 6:5000, 7:-200, 8:-2400, 9:1900

Загадки, 1000
Два раза в жизни это дается человеку бесплатно, а третий раз за это приходится платить
7 +1000

Счёт: 1:-1300, 2:1000, 3:-800, 4:2600, 5:-2000, 6:5000, 7:800, 8:-2400, 9:1900

Загадки, 600
Чем больше из неё берёшь, тем больше она становится
2 +600

Счёт: 1:-1300, 2:1600, 3:-800, 4:2600, 5:-2000, 6:5000, 7:800, 8:-2400, 9:1900

Загадки, 200
У отца Мэри есть 5 дочерей: Чача, Чичи, Чече, Чочо. Как зовут пятую дочь?
7 +200

Счёт: 1:-1300, 2:1600, 3:-800, 4:2600, 5:-2000, 6:5000, 7:1000, 8:-2400, 9:1900

Шляпа, 200
После письма часто пишут приписку, которая называется "постскриптум", а если добавляют еще одну приписку, то она уже называется ТАК
2 -200

Счёт: 1:-1300, 2:1400, 3:-800, 4:2600, 5:-2000, 6:5000, 7:1000, 8:-2400, 9:1900

Роботы, 400
Именно так называются динозавры, которые есть в ЛКШ
5 +400

Счёт: 1:-1300, 2:1400, 3:-800, 4:2600, 5:-1600, 6:5000, 7:1000, 8:-2400, 9:1900

Роботы, 600
Как следует из сиквела, у НЕЕ было предубеждение против роботов, что неудивительно, ведь робот убил отца ее ребенка и пытался убить ребенка.
3 -600
6 +600

Счёт: 1:-1300, 2:1400, 3:-1400, 4:2600, 5:-1600, 6:5600, 7:1000, 8:-2400, 9:1900

Шляпа, 800
Один из переводов названия ЭТОЙ сказки "Аня в стране сказок"
9 +800

Счёт: 1:-1300, 2:1400, 3:-1400, 4:2600, 5:-1600, 6:5600, 7:1000, 8:-2400, 9:2700

ЛКШ, 200
Именно этим по мнению 4 отряда ночью занимаются преподаватели
9 +200

Счёт: 1:-1300, 2:1400, 3:-1400, 4:2600, 5:-1600, 6:5600, 7:1000, 8:-2400, 9:2900

ЛКШ, 400
Именно эту русскую букву сложнее всего найти на клавиатуре
2 +400

Счёт: 1:-1300, 2:1800, 3:-1400, 4:2600, 5:-1600, 6:5600, 7:1000, 8:-2400, 9:2900

Шляпа, 400
В ЭТУ ДАТУ отмечается Международный день защиты детей.
2 +400

Счёт: 1:-1300, 2:2200, 3:-1400, 4:2600, 5:-1600, 6:5600, 7:1000, 8:-2400, 9:2900

ЛКШ, 600
Именно столько футболок Андрей Николаевич выдал преподавателям в начале смены
7 +600

Счёт: 1:-1300, 2:2200, 3:-1400, 4:2600, 5:-1600, 6:5600, 7:1600, 8:-2400, 9:2900

ЛКШ, 800
Именно у этого преподавателя дома есть единорог и олень
1 +800

Счёт: 1:-500, 2:2200, 3:-1400, 4:2600, 5:-1600, 6:5600, 7:1600, 8:-2400, 9:2900

ЛКШ, 1000
Именно так расшифровывается название "Кэш"
2 -1000
1 -1000
8 -1000
9 -1000
6 -1000

Счёт: 1:-1500, 2:1200, 3:-1400, 4:2600, 5:-1600, 6:4600, 7:1600, 8:-3400, 9:1900

Роботы, 800
Они могут создавать предметы из пластика, металла и даже шоколада
6 +800

Счёт: 1:-1500, 2:1200, 3:-1400, 4:2600, 5:-1600, 6:5400, 7:1600, 8:-3400, 9:1900

Раунд ФИНАЛ

Счёт: 1:-1500, 2:900, 3:-1400, 4:2401, 5:-1600, 6:5245, 7:1000, 8:-3400, 9:0
